<?xml version="1.0" encoding="UTF-8" ?>
<testsuite errors="1" failures="0" hostname="DESKTOP-GJN8HR4" name="csudh.csc311.asg6.IndexTest" skipped="0" tests="1" time="0.094" timestamp="2022-10-04T19:58:47">
  <properties>
[...]
</properties>
  <testcase classname="csudh.csc311.asg6.IndexTest" name="testIndexPage" time="0.034">
    <error message="Cannot invoke &quot;org.jsoup.nodes.Element.select(String)&quot; because &quot;content&quot; is null" type="java.lang.NullPointerException">java.lang.NullPointerException: Cannot invoke &quot;org.jsoup.nodes.Element.select(String)&quot; because &quot;content&quot; is null
	at csudh.csc311.asg6.WikiFetcher.readWikipedia(WikiFetcher.java:61)
	at csudh.csc311.asg6.IndexTest.testIndexPage(IndexTest.java:28)
	at java.base/jdk.internal.reflect.NativeMethodAccessorImpl.invoke0(Native Method)
	at java.base/jdk.internal.reflect.NativeMethodAccessorImpl.invoke(NativeMethodAccessorImpl.java:77)
	at java.base/jdk.internal.reflect.DelegatingMethodAccessorImpl.invoke(DelegatingMethodAccessorImpl.java:43)
</error>
  </testcase>
  <system-out><![CDATA[]]></system-out>
  <system-err><![CDATA[]]></system-err>
</testsuite>
